<?xml version="1.0" encoding="UTF-8"?>
<testsuite xmlns:xsi="http://www.w3.org/2001/XMLSchema-instance" xsi:noNamespaceSchemaLocation="https://maven.apache.org/surefire/maven-surefire-plugin/xsd/surefire-test-report-3.0.xsd" version="3.0" name="com.friend.PerkApplicationTests" time="7.515" tests="1" errors="0" skipped="0" failures="0">
  <properties>
[...]
</properties>
  <testcase name="contextLoads" classname="com.friend.PerkApplicationTests" time="2.092">
    <system-out><![CDATA[15:45:04.126 [main] INFO org.springframework.test.context.support.AnnotationConfigContextLoaderUtils -- Could not detect default configuration classes for test class [com.friend.PerkApplicationTests]: PerkApplicationTests does not declare any static, non-private, non-final, nested classes annotated with @Configuration.
15:45:04.343 [main] INFO org.springframework.boot.test.context.SpringBootTestContextBootstrapper -- Found @SpringBootConfiguration com.friend.PerkApplication for test class com.friend.PerkApplicationTests

  .   ____          _            __ _ _
 /\\ / ___'_ __ _ _(_)_ __  __ _ \ \ \ \
( ( )\___ | '_ | '_| | '_ \/ _` | \ \ \ \
 \\/  ___)| |_)| | | | | || (_| |  ) ) ) )
  '  |____| .__|_| |_|_| |_\__, | / / / /
 =========|_|==============|___/=/_/_/_/
 :: Spring Boot ::                (v3.1.5)

2023-11-21T15:45:05.256+08:00  INFO 6276 --- [           main] com.friend.PerkApplicationTests          : Starting PerkApplicationTests using Java 17.0.8 with PID 6276 (started by CHaron in C:\Users\CHaron\Desktop\CENTRAL PERK\perk)
2023-11-21T15:45:05.259+08:00  INFO 6276 --- [           main] com.friend.PerkApplicationTests          : No active profile set, falling back to 1 default profile: "default"
2023-11-21T15:45:09.182+08:00  INFO 6276 --- [           main] com.friend.PerkApplicationTests          : Started PerkApplicationTests in 4.536 seconds (process running for 6.503)
]]></system-out>
  </testcase>
</testsuite>